<?xml version="1.0" encoding="UTF-8"?>
<!-- Generated by org.testng.reporters.JUnitReportReporter -->
<testsuite hostname="DESKTOP-EGKVD5A" failures="0" tests="2" name="SeleniumPrograms.Calender" time="27.888" errors="0" timestamp="05 Apr 2019 17:47:45 GMT" skipped="1">
  <testcase classname="SeleniumPrograms.Calender" name="verifywindowhandless" time="27.888"/>
  <testcase classname="SeleniumPrograms.Calender" name="verifyDate">
    <skipped/>
  </testcase> <!-- verifyDate -->
</testsuite> <!-- SeleniumPrograms.Calender -->
